[1006/061758.935:WARNING:dns_config_service_win.cc(668)] Failed to read DnsConfig.
[1006/061832.083:WARNING:dns_config_service_win.cc(668)] Failed to read DnsConfig.
[1006/061837.091:WARNING:dns_config_service_win.cc(668)] Failed to read DnsConfig.
[1006/061842.104:WARNING:dns_config_service_win.cc(668)] Failed to read DnsConfig.
[1006/061847.113:WARNING:dns_config_service_win.cc(668)] Failed to read DnsConfig.
[1006/061852.122:WARNING:dns_config_service_win.cc(668)] Failed to read DnsConfig.
[1006/061857.129:WARNING:dns_config_service_win.cc(668)] Failed to read DnsConfig.
[1006/061902.135:WARNING:dns_config_service_win.cc(668)] Failed to read DnsConfig.
[1006/061907.149:WARNING:dns_config_service_win.cc(668)] Failed to read DnsConfig.
[1006/061907.813:WARNING:dns_config_service_win.cc(668)] Failed to read DnsConfig.
[1006/061912.165:WARNING:dns_config_service_win.cc(668)] Failed to read DnsConfig.
[1006/061912.827:WARNING:dns_config_service_win.cc(668)] Failed to read DnsConfig.
[1006/061917.180:WARNING:dns_config_service_win.cc(668)] Failed to read DnsConfig.
[1006/061917.833:WARNING:dns_config_service_win.cc(668)] Failed to read DnsConfig.
[1006/061922.188:WARNING:dns_config_service_win.cc(668)] Failed to read DnsConfig.
[1006/061922.845:WARNING:dns_config_service_win.cc(668)] Failed to read DnsConfig.
[1006/061927.198:WARNING:dns_config_service_win.cc(668)] Failed to read DnsConfig.
[1006/061927.857:WARNING:dns_config_service_win.cc(668)] Failed to read DnsConfig.
[1006/061932.212:WARNING:dns_config_service_win.cc(668)] Failed to read DnsConfig.
[1006/061932.870:WARNING:dns_config_service_win.cc(668)] Failed to read DnsConfig.
[1006/061937.224:WARNING:dns_config_service_win.cc(668)] Failed to read DnsConfig.
[1006/061937.885:WARNING:dns_config_service_win.cc(668)] Failed to read DnsConfig.
[1006/061942.237:WARNING:dns_config_service_win.cc(668)] Failed to read DnsConfig.
[1006/061942.899:WARNING:dns_config_service_win.cc(668)] Failed to read DnsConfig.
[1006/061947.257:WARNING:dns_config_service_win.cc(668)] Failed to read DnsConfig.
[1006/061947.914:WARNING:dns_config_service_win.cc(668)] Failed to read DnsConfig.
[1006/061952.265:WARNING:dns_config_service_win.cc(668)] Failed to read DnsConfig.
[1006/061952.924:WARNING:dns_config_service_win.cc(668)] Failed to read DnsConfig.
[1006/061957.278:WARNING:dns_config_service_win.cc(668)] Failed to read DnsConfig.
[1006/061957.935:WARNING:dns_config_service_win.cc(668)] Failed to read DnsConfig.
[1006/062002.292:WARNING:dns_config_service_win.cc(668)] Failed to read DnsConfig.
[1006/062002.954:WARNING:dns_config_service_win.cc(668)] Failed to read DnsConfig.
[1006/062007.304:WARNING:dns_config_service_win.cc(668)] Failed to read DnsConfig.
[1006/062007.565:WARNING:dns_config_service_win.cc(668)] Failed to read DnsConfig.
[1006/062007.580:WARNING:dns_config_service_win.cc(668)] Failed to read DnsConfig.
[1006/062007.596:WARNING:dns_config_service_win.cc(668)] Failed to read DnsConfig.
[1006/062007.967:WARNING:dns_config_service_win.cc(668)] Failed to read DnsConfig.
[1006/062012.316:WARNING:dns_config_service_win.cc(668)] Failed to read DnsConfig.
[1006/062012.582:WARNING:dns_config_service_win.cc(668)] Failed to read DnsConfig.
[1006/154653.410:WARNING:dns_config_service_win.cc(668)] Failed to read DnsConfig.
[1006/154658.426:WARNING:dns_config_service_win.cc(668)] Failed to read DnsConfig.
[1006/154728.943:WARNING:dns_config_service_win.cc(668)] Failed to read DnsConfig.
[1006/154733.948:WARNING:dns_config_service_win.cc(668)] Failed to read DnsConfig.
[1006/154738.967:WARNING:dns_config_service_win.cc(668)] Failed to read DnsConfig.
[1006/154743.977:WARNING:dns_config_service_win.cc(668)] Failed to read DnsConfig.
[1006/154748.985:WARNING:dns_config_service_win.cc(668)] Failed to read DnsConfig.
[1006/154753.994:WARNING:dns_config_service_win.cc(668)] Failed to read DnsConfig.
[1006/154759.013:WARNING:dns_config_service_win.cc(668)] Failed to read DnsConfig.
[1006/154804.031:WARNING:dns_config_service_win.cc(668)] Failed to read DnsConfig.
[1006/154805.015:WARNING:dns_config_service_win.cc(668)] Failed to read DnsConfig.
[1006/154809.046:WARNING:dns_config_service_win.cc(668)] Failed to read DnsConfig.
[1006/154810.029:WARNING:dns_config_service_win.cc(668)] Failed to read DnsConfig.
[1006/154814.058:WARNING:dns_config_service_win.cc(668)] Failed to read DnsConfig.
[1006/154815.037:WARNING:dns_config_service_win.cc(668)] Failed to read DnsConfig.
[1006/154819.068:WARNING:dns_config_service_win.cc(668)] Failed to read DnsConfig.
[1006/154820.051:WARNING:dns_config_service_win.cc(668)] Failed to read DnsConfig.
[1006/154824.082:WARNING:dns_config_service_win.cc(668)] Failed to read DnsConfig.
[1006/154825.060:WARNING:dns_config_service_win.cc(668)] Failed to read DnsConfig.
[1006/154829.088:WARNING:dns_config_service_win.cc(668)] Failed to read DnsConfig.
[1006/154830.078:WARNING:dns_config_service_win.cc(668)] Failed to read DnsConfig.
[1006/154834.105:WARNING:dns_config_service_win.cc(668)] Failed to read DnsConfig.
[1006/154835.093:WARNING:dns_config_service_win.cc(668)] Failed to read DnsConfig.
[1006/154839.119:WARNING:dns_config_service_win.cc(668)] Failed to read DnsConfig.
[1006/154840.109:WARNING:dns_config_service_win.cc(668)] Failed to read DnsConfig.
[1006/154844.129:WARNING:dns_config_service_win.cc(668)] Failed to read DnsConfig.
[1006/154845.122:WARNING:dns_config_service_win.cc(668)] Failed to read DnsConfig.
[1006/154849.140:WARNING:dns_config_service_win.cc(668)] Failed to read DnsConfig.
[1006/154850.135:WARNING:dns_config_service_win.cc(668)] Failed to read DnsConfig.
[1006/154854.159:WARNING:dns_config_service_win.cc(668)] Failed to read DnsConfig.
[1006/154855.155:WARNING:dns_config_service_win.cc(668)] Failed to read DnsConfig.
[1006/154859.176:WARNING:dns_config_service_win.cc(668)] Failed to read DnsConfig.
[1006/154900.175:WARNING:dns_config_service_win.cc(668)] Failed to read DnsConfig.
[1006/154904.187:WARNING:dns_config_service_win.cc(668)] Failed to read DnsConfig.
[1006/154904.770:WARNING:dns_config_service_win.cc(668)] Failed to read DnsConfig.
[1006/154905.195:WARNING:dns_config_service_win.cc(668)] Failed to read DnsConfig.
[1007/070706.435:WARNING:dns_config_service_win.cc(668)] Failed to read DnsConfig.
[1007/070711.452:WARNING:dns_config_service_win.cc(668)] Failed to read DnsConfig.
[1007/070741.441:WARNING:dns_config_service_win.cc(668)] Failed to read DnsConfig.
[1007/070746.451:WARNING:dns_config_service_win.cc(668)] Failed to read DnsConfig.
[1007/070751.467:WARNING:dns_config_service_win.cc(668)] Failed to read DnsConfig.
[1007/070756.475:WARNING:dns_config_service_win.cc(668)] Failed to read DnsConfig.
[1007/070801.491:WARNING:dns_config_service_win.cc(668)] Failed to read DnsConfig.
[1007/070806.510:WARNING:dns_config_service_win.cc(668)] Failed to read DnsConfig.
[1007/070811.526:WARNING:dns_config_service_win.cc(668)] Failed to read DnsConfig.
[1007/070816.533:WARNING:dns_config_service_win.cc(668)] Failed to read DnsConfig.
[1007/070819.292:WARNING:dns_config_service_win.cc(668)] Failed to read DnsConfig.
[1007/070821.544:WARNING:dns_config_service_win.cc(668)] Failed to read DnsConfig.
[1007/070824.302:WARNING:dns_config_service_win.cc(668)] Failed to read DnsConfig.
[1007/070826.554:WARNING:dns_config_service_win.cc(668)] Failed to read DnsConfig.
[1007/070829.316:WARNING:dns_config_service_win.cc(668)] Failed to read DnsConfig.
[1007/070831.561:WARNING:dns_config_service_win.cc(668)] Failed to read DnsConfig.
[1007/070834.328:WARNING:dns_config_service_win.cc(668)] Failed to read DnsConfig.
[1007/070836.571:WARNING:dns_config_service_win.cc(668)] Failed to read DnsConfig.
[1007/070839.337:WARNING:dns_config_service_win.cc(668)] Failed to read DnsConfig.
[1007/070841.586:WARNING:dns_config_service_win.cc(668)] Failed to read DnsConfig.
[1007/070844.354:WARNING:dns_config_service_win.cc(668)] Failed to read DnsConfig.
[1007/070846.595:WARNING:dns_config_service_win.cc(668)] Failed to read DnsConfig.
[1007/070849.360:WARNING:dns_config_service_win.cc(668)] Failed to read DnsConfig.
[1007/070851.608:WARNING:dns_config_service_win.cc(668)] Failed to read DnsConfig.
[1007/070854.377:WARNING:dns_config_service_win.cc(668)] Failed to read DnsConfig.
[1007/070856.622:WARNING:dns_config_service_win.cc(668)] Failed to read DnsConfig.
[1007/070859.397:WARNING:dns_config_service_win.cc(668)] Failed to read DnsConfig.
[1007/070901.640:WARNING:dns_config_service_win.cc(668)] Failed to read DnsConfig.
[1007/070904.400:WARNING:dns_config_service_win.cc(668)] Failed to read DnsConfig.
[1007/070906.645:WARNING:dns_config_service_win.cc(668)] Failed to read DnsConfig.
[1007/070909.411:WARNING:dns_config_service_win.cc(668)] Failed to read DnsConfig.
[1007/070911.662:WARNING:dns_config_service_win.cc(668)] Failed to read DnsConfig.
[1007/070914.422:WARNING:dns_config_service_win.cc(668)] Failed to read DnsConfig.
[1007/070916.669:WARNING:dns_config_service_win.cc(668)] Failed to read DnsConfig.
[1007/070919.069:WARNING:dns_config_service_win.cc(668)] Failed to read DnsConfig.
[1007/070919.431:WARNING:dns_config_service_win.cc(668)] Failed to read DnsConfig.
[1007/070921.690:WARNING:dns_config_service_win.cc(668)] Failed to read DnsConfig.
[1008/074441.216:WARNING:dns_config_service_win.cc(668)] Failed to read DnsConfig.
[1008/074446.230:WARNING:dns_config_service_win.cc(668)] Failed to read DnsConfig.
[1008/074451.243:WARNING:dns_config_service_win.cc(668)] Failed to read DnsConfig.
[1008/074456.257:WARNING:dns_config_service_win.cc(668)] Failed to read DnsConfig.
[1008/074501.273:WARNING:dns_config_service_win.cc(668)] Failed to read DnsConfig.
[1008/074506.280:WARNING:dns_config_service_win.cc(668)] Failed to read DnsConfig.
[1008/074511.299:WARNING:dns_config_service_win.cc(668)] Failed to read DnsConfig.
[1008/074516.313:WARNING:dns_config_service_win.cc(668)] Failed to read DnsConfig.
[1008/074521.333:WARNING:dns_config_service_win.cc(668)] Failed to read DnsConfig.
[1008/074526.354:WARNING:dns_config_service_win.cc(668)] Failed to read DnsConfig.
[1008/074531.366:WARNING:dns_config_service_win.cc(668)] Failed to read DnsConfig.
[1008/074536.375:WARNING:dns_config_service_win.cc(668)] Failed to read DnsConfig.
[1008/074541.393:WARNING:dns_config_service_win.cc(668)] Failed to read DnsConfig.
[1008/074546.404:WARNING:dns_config_service_win.cc(668)] Failed to read DnsConfig.
[1008/074551.417:WARNING:dns_config_service_win.cc(668)] Failed to read DnsConfig.
[1008/074556.429:WARNING:dns_config_service_win.cc(668)] Failed to read DnsConfig.
[1008/074601.441:WARNING:dns_config_service_win.cc(668)] Failed to read DnsConfig.
[1008/074606.457:WARNING:dns_config_service_win.cc(668)] Failed to read DnsConfig.
[1008/074611.467:WARNING:dns_config_service_win.cc(668)] Failed to read DnsConfig.
[1008/074616.478:WARNING:dns_config_service_win.cc(668)] Failed to read DnsConfig.
[1008/074621.487:WARNING:dns_config_service_win.cc(668)] Failed to read DnsConfig.
[1008/074626.500:WARNING:dns_config_service_win.cc(668)] Failed to read DnsConfig.
[1008/074631.519:WARNING:dns_config_service_win.cc(668)] Failed to read DnsConfig.
[1008/074636.531:WARNING:dns_config_service_win.cc(668)] Failed to read DnsConfig.
[1008/074641.544:WARNING:dns_config_service_win.cc(668)] Failed to read DnsConfig.
[1008/074646.563:WARNING:dns_config_service_win.cc(668)] Failed to read DnsConfig.
[1008/074651.572:WARNING:dns_config_service_win.cc(668)] Failed to read DnsConfig.
[1008/074656.577:WARNING:dns_config_service_win.cc(668)] Failed to read DnsConfig.
[1008/074730.802:WARNING:dns_config_service_win.cc(668)] Failed to read DnsConfig.
[1008/074839.456:WARNING:dns_config_service_win.cc(668)] Failed to read DnsConfig.
[1008/074844.465:WARNING:dns_config_service_win.cc(668)] Failed to read DnsConfig.
[1008/074849.480:WARNING:dns_config_service_win.cc(668)] Failed to read DnsConfig.
[1008/074854.497:WARNING:dns_config_service_win.cc(668)] Failed to read DnsConfig.
[1008/074859.514:WARNING:dns_config_service_win.cc(668)] Failed to read DnsConfig.
[1008/074904.525:WARNING:dns_config_service_win.cc(668)] Failed to read DnsConfig.
[1008/074909.530:WARNING:dns_config_service_win.cc(668)] Failed to read DnsConfig.
[1008/074914.542:WARNING:dns_config_service_win.cc(668)] Failed to read DnsConfig.
[1008/074919.561:WARNING:dns_config_service_win.cc(668)] Failed to read DnsConfig.
[1008/074924.579:WARNING:dns_config_service_win.cc(668)] Failed to read DnsConfig.
[1008/074929.592:WARNING:dns_config_service_win.cc(668)] Failed to read DnsConfig.
[1008/074934.595:WARNING:dns_config_service_win.cc(668)] Failed to read DnsConfig.
[1008/074939.606:WARNING:dns_config_service_win.cc(668)] Failed to read DnsConfig.
[1008/120536.568:WARNING:dns_config_service_win.cc(668)] Failed to read DnsConfig.
[1008/120536.724:WARNING:dns_config_service_win.cc(668)] Failed to read DnsConfig.
[1008/120536.752:WARNING:dns_config_service_win.cc(668)] Failed to read DnsConfig.
[1008/133358.107:WARNING:dns_config_service_win.cc(668)] Failed to read DnsConfig.
[1008/133403.127:WARNING:dns_config_service_win.cc(668)] Failed to read DnsConfig.
[1008/133408.139:WARNING:dns_config_service_win.cc(668)] Failed to read DnsConfig.
[1008/133413.149:WARNING:dns_config_service_win.cc(668)] Failed to read DnsConfig.
[1008/133418.167:WARNING:dns_config_service_win.cc(668)] Failed to read DnsConfig.
[1008/133423.177:WARNING:dns_config_service_win.cc(668)] Failed to read DnsConfig.
[1008/133428.194:WARNING:dns_config_service_win.cc(668)] Failed to read DnsConfig.
[1008/133433.210:WARNING:dns_config_service_win.cc(668)] Failed to read DnsConfig.
[1008/133438.230:WARNING:dns_config_service_win.cc(668)] Failed to read DnsConfig.
[1008/133443.247:WARNING:dns_config_service_win.cc(668)] Failed to read DnsConfig.
[1008/133448.253:WARNING:dns_config_service_win.cc(668)] Failed to read DnsConfig.
[1008/133453.273:WARNING:dns_config_service_win.cc(668)] Failed to read DnsConfig.
[1008/133458.288:WARNING:dns_config_service_win.cc(668)] Failed to read DnsConfig.
[1008/133503.297:WARNING:dns_config_service_win.cc(668)] Failed to read DnsConfig.
[1008/133508.307:WARNING:dns_config_service_win.cc(668)] Failed to read DnsConfig.
[1008/191536.515:WARNING:dns_config_service_win.cc(668)] Failed to read DnsConfig.
[1009/091049.233:WARNING:dns_config_service_win.cc(668)] Failed to read DnsConfig.
[1009/091054.248:WARNING:dns_config_service_win.cc(668)] Failed to read DnsConfig.
[1009/091059.262:WARNING:dns_config_service_win.cc(668)] Failed to read DnsConfig.
[1009/091104.281:WARNING:dns_config_service_win.cc(668)] Failed to read DnsConfig.
[1009/091109.291:WARNING:dns_config_service_win.cc(668)] Failed to read DnsConfig.
[1009/091114.309:WARNING:dns_config_service_win.cc(668)] Failed to read DnsConfig.
[1009/091119.321:WARNING:dns_config_service_win.cc(668)] Failed to read DnsConfig.
[1009/091124.325:WARNING:dns_config_service_win.cc(668)] Failed to read DnsConfig.
[1009/091129.338:WARNING:dns_config_service_win.cc(668)] Failed to read DnsConfig.
[1009/091134.347:WARNING:dns_config_service_win.cc(668)] Failed to read DnsConfig.
[1009/091139.354:WARNING:dns_config_service_win.cc(668)] Failed to read DnsConfig.
[1009/091144.369:WARNING:dns_config_service_win.cc(668)] Failed to read DnsConfig.
[1009/091149.379:WARNING:dns_config_service_win.cc(668)] Failed to read DnsConfig.
[1009/091154.388:WARNING:dns_config_service_win.cc(668)] Failed to read DnsConfig.
[1009/091159.400:WARNING:dns_config_service_win.cc(668)] Failed to read DnsConfig.
[1009/091204.410:WARNING:dns_config_service_win.cc(668)] Failed to read DnsConfig.
[1009/091209.424:WARNING:dns_config_service_win.cc(668)] Failed to read DnsConfig.
[1009/091214.436:WARNING:dns_config_service_win.cc(668)] Failed to read DnsConfig.
[1009/091219.451:WARNING:dns_config_service_win.cc(668)] Failed to read DnsConfig.
[1009/091224.457:WARNING:dns_config_service_win.cc(668)] Failed to read DnsConfig.
[1009/091229.471:WARNING:dns_config_service_win.cc(668)] Failed to read DnsConfig.
[1009/091234.486:WARNING:dns_config_service_win.cc(668)] Failed to read DnsConfig.
[1009/091239.497:WARNING:dns_config_service_win.cc(668)] Failed to read DnsConfig.
[1009/091244.504:WARNING:dns_config_service_win.cc(668)] Failed to read DnsConfig.
[1009/091249.519:WARNING:dns_config_service_win.cc(668)] Failed to read DnsConfig.
[1009/091254.537:WARNING:dns_config_service_win.cc(668)] Failed to read DnsConfig.
[1009/091259.554:WARNING:dns_config_service_win.cc(668)] Failed to read DnsConfig.
[1009/091304.561:WARNING:dns_config_service_win.cc(668)] Failed to read DnsConfig.
[1009/091309.575:WARNING:dns_config_service_win.cc(668)] Failed to read DnsConfig.
[1009/091314.592:WARNING:dns_config_service_win.cc(668)] Failed to read DnsConfig.
[1009/091319.602:WARNING:dns_config_service_win.cc(668)] Failed to read DnsConfig.
[1009/091324.621:WARNING:dns_config_service_win.cc(668)] Failed to read DnsConfig.
[1009/091329.631:WARNING:dns_config_service_win.cc(668)] Failed to read DnsConfig.
[1009/091334.640:WARNING:dns_config_service_win.cc(668)] Failed to read DnsConfig.
[1009/091339.644:WARNING:dns_config_service_win.cc(668)] Failed to read DnsConfig.
[1009/091344.651:WARNING:dns_config_service_win.cc(668)] Failed to read DnsConfig.
[1009/091349.668:WARNING:dns_config_service_win.cc(668)] Failed to read DnsConfig.
[1009/091354.671:WARNING:dns_config_service_win.cc(668)] Failed to read DnsConfig.
[1009/091359.681:WARNING:dns_config_service_win.cc(668)] Failed to read DnsConfig.
[1009/091404.698:WARNING:dns_config_service_win.cc(668)] Failed to read DnsConfig.
[1009/091409.716:WARNING:dns_config_service_win.cc(668)] Failed to read DnsConfig.
[1009/091414.730:WARNING:dns_config_service_win.cc(668)] Failed to read DnsConfig.
[1009/091419.747:WARNING:dns_config_service_win.cc(668)] Failed to read DnsConfig.
[1009/091424.762:WARNING:dns_config_service_win.cc(668)] Failed to read DnsConfig.
[1009/091429.777:WARNING:dns_config_service_win.cc(668)] Failed to read DnsConfig.
[1009/091434.793:WARNING:dns_config_service_win.cc(668)] Failed to read DnsConfig.
[1009/091439.809:WARNING:dns_config_service_win.cc(668)] Failed to read DnsConfig.
[1009/091444.817:WARNING:dns_config_service_win.cc(668)] Failed to read DnsConfig.
[1009/091449.826:WARNING:dns_config_service_win.cc(668)] Failed to read DnsConfig.
[1009/091454.835:WARNING:dns_config_service_win.cc(668)] Failed to read DnsConfig.
[1009/091459.848:WARNING:dns_config_service_win.cc(668)] Failed to read DnsConfig.
[1009/091504.862:WARNING:dns_config_service_win.cc(668)] Failed to read DnsConfig.
[1009/091509.870:WARNING:dns_config_service_win.cc(668)] Failed to read DnsConfig.
[1009/091535.787:WARNING:dns_config_service_win.cc(668)] Failed to read DnsConfig.
[1009/091540.804:WARNING:dns_config_service_win.cc(668)] Failed to read DnsConfig.
[1009/091545.822:WARNING:dns_config_service_win.cc(668)] Failed to read DnsConfig.
[1009/091550.837:WARNING:dns_config_service_win.cc(668)] Failed to read DnsConfig.
[1009/091555.841:WARNING:dns_config_service_win.cc(668)] Failed to read DnsConfig.
[1009/091600.859:WARNING:dns_config_service_win.cc(668)] Failed to read DnsConfig.
[1009/091605.869:WARNING:dns_config_service_win.cc(668)] Failed to read DnsConfig.
[1009/091610.881:WARNING:dns_config_service_win.cc(668)] Failed to read DnsConfig.
[1009/091615.888:WARNING:dns_config_service_win.cc(668)] Failed to read DnsConfig.
[1009/091620.902:WARNING:dns_config_service_win.cc(668)] Failed to read DnsConfig.
[1009/091625.915:WARNING:dns_config_service_win.cc(668)] Failed to read DnsConfig.
[1009/091630.921:WARNING:dns_config_service_win.cc(668)] Failed to read DnsConfig.
[1009/091635.927:WARNING:dns_config_service_win.cc(668)] Failed to read DnsConfig.
[1009/091640.937:WARNING:dns_config_service_win.cc(668)] Failed to read DnsConfig.
[1009/091645.957:WARNING:dns_config_service_win.cc(668)] Failed to read DnsConfig.
[1009/091650.969:WARNING:dns_config_service_win.cc(668)] Failed to read DnsConfig.
[1009/091655.978:WARNING:dns_config_service_win.cc(668)] Failed to read DnsConfig.
[1009/091700.998:WARNING:dns_config_service_win.cc(668)] Failed to read DnsConfig.
[1009/091706.017:WARNING:dns_config_service_win.cc(668)] Failed to read DnsConfig.
[1009/091711.036:WARNING:dns_config_service_win.cc(668)] Failed to read DnsConfig.
[1009/091716.049:WARNING:dns_config_service_win.cc(668)] Failed to read DnsConfig.
[1009/091721.059:WARNING:dns_config_service_win.cc(668)] Failed to read DnsConfig.
[1009/091726.077:WARNING:dns_config_service_win.cc(668)] Failed to read DnsConfig.
[1009/091731.085:WARNING:dns_config_service_win.cc(668)] Failed to read DnsConfig.
[1009/091736.093:WARNING:dns_config_service_win.cc(668)] Failed to read DnsConfig.
[1009/091741.109:WARNING:dns_config_service_win.cc(668)] Failed to read DnsConfig.
[1009/091746.122:WARNING:dns_config_service_win.cc(668)] Failed to read DnsConfig.
[1009/093905.090:ERROR:browser_gpu_channel_host_factory.cc(139)] Failed to launch GPU process.
[1009/173915.383:WARNING:dns_config_service_win.cc(668)] Failed to read DnsConfig.
[1009/173920.400:WARNING:dns_config_service_win.cc(668)] Failed to read DnsConfig.
[1009/173925.405:WARNING:dns_config_service_win.cc(668)] Failed to read DnsConfig.
[1009/173930.410:WARNING:dns_config_service_win.cc(668)] Failed to read DnsConfig.
[1009/173935.421:WARNING:dns_config_service_win.cc(668)] Failed to read DnsConfig.
[1009/173940.429:WARNING:dns_config_service_win.cc(668)] Failed to read DnsConfig.
[1009/173945.435:WARNING:dns_config_service_win.cc(668)] Failed to read DnsConfig.
[1009/173950.450:WARNING:dns_config_service_win.cc(668)] Failed to read DnsConfig.
[1009/173955.455:WARNING:dns_config_service_win.cc(668)] Failed to read DnsConfig.
[1009/174000.458:WARNING:dns_config_service_win.cc(668)] Failed to read DnsConfig.
[1009/174005.474:WARNING:dns_config_service_win.cc(668)] Failed to read DnsConfig.
[1009/174010.479:WARNING:dns_config_service_win.cc(668)] Failed to read DnsConfig.
[1009/174015.489:WARNING:dns_config_service_win.cc(668)] Failed to read DnsConfig.
[1009/174020.500:WARNING:dns_config_service_win.cc(668)] Failed to read DnsConfig.
[1009/174025.509:WARNING:dns_config_service_win.cc(668)] Failed to read DnsConfig.
[1009/174030.512:WARNING:dns_config_service_win.cc(668)] Failed to read DnsConfig.
[1009/174035.521:WARNING:dns_config_service_win.cc(668)] Failed to read DnsConfig.
[1009/174040.537:WARNING:dns_config_service_win.cc(668)] Failed to read DnsConfig.
[1009/174045.539:WARNING:dns_config_service_win.cc(668)] Failed to read DnsConfig.
[1009/174050.557:WARNING:dns_config_service_win.cc(668)] Failed to read DnsConfig.
[1009/174055.574:WARNING:dns_config_service_win.cc(668)] Failed to read DnsConfig.
[1009/174100.578:WARNING:dns_config_service_win.cc(668)] Failed to read DnsConfig.
[1009/174105.582:WARNING:dns_config_service_win.cc(668)] Failed to read DnsConfig.
[1009/174110.590:WARNING:dns_config_service_win.cc(668)] Failed to read DnsConfig.
[1009/174115.599:WARNING:dns_config_service_win.cc(668)] Failed to read DnsConfig.
[1009/174120.616:WARNING:dns_config_service_win.cc(668)] Failed to read DnsConfig.
[1009/174125.621:WARNING:dns_config_service_win.cc(668)] Failed to read DnsConfig.
[1009/174130.627:WARNING:dns_config_service_win.cc(668)] Failed to read DnsConfig.
[1009/174222.194:WARNING:dns_config_service_win.cc(668)] Failed to read DnsConfig.
[1009/174227.202:WARNING:dns_config_service_win.cc(668)] Failed to read DnsConfig.
[1009/174338.348:WARNING:dns_config_service_win.cc(668)] Failed to read DnsConfig.
[1009/174343.359:WARNING:dns_config_service_win.cc(668)] Failed to read DnsConfig.
[1009/174348.366:WARNING:dns_config_service_win.cc(668)] Failed to read DnsConfig.
[1009/174353.375:WARNING:dns_config_service_win.cc(668)] Failed to read DnsConfig.
[1009/174358.390:WARNING:dns_config_service_win.cc(668)] Failed to read DnsConfig.
[1009/174403.394:WARNING:dns_config_service_win.cc(668)] Failed to read DnsConfig.
[1009/174408.413:WARNING:dns_config_service_win.cc(668)] Failed to read DnsConfig.
[1009/174413.423:WARNING:dns_config_service_win.cc(668)] Failed to read DnsConfig.
[1009/174418.440:WARNING:dns_config_service_win.cc(668)] Failed to read DnsConfig.
[1009/174423.451:WARNING:dns_config_service_win.cc(668)] Failed to read DnsConfig.
[1009/174428.456:WARNING:dns_config_service_win.cc(668)] Failed to read DnsConfig.
[1009/174433.465:WARNING:dns_config_service_win.cc(668)] Failed to read DnsConfig.
[1009/174438.477:WARNING:dns_config_service_win.cc(668)] Failed to read DnsConfig.
[1009/174443.484:WARNING:dns_config_service_win.cc(668)] Failed to read DnsConfig.
[1009/174448.496:WARNING:dns_config_service_win.cc(668)] Failed to read DnsConfig.
[1009/174453.512:WARNING:dns_config_service_win.cc(668)] Failed to read DnsConfig.
[1009/174458.528:WARNING:dns_config_service_win.cc(668)] Failed to read DnsConfig.
[1009/174503.539:WARNING:dns_config_service_win.cc(668)] Failed to read DnsConfig.
[1009/174508.550:WARNING:dns_config_service_win.cc(668)] Failed to read DnsConfig.
[1009/174513.552:WARNING:dns_config_service_win.cc(668)] Failed to read DnsConfig.
[1009/174518.570:WARNING:dns_config_service_win.cc(668)] Failed to read DnsConfig.
[1009/174523.584:WARNING:dns_config_service_win.cc(668)] Failed to read DnsConfig.
[1009/174528.595:WARNING:dns_config_service_win.cc(668)] Failed to read DnsConfig.
[1009/174533.606:WARNING:dns_config_service_win.cc(668)] Failed to read DnsConfig.
[1009/174538.611:WARNING:dns_config_service_win.cc(668)] Failed to read DnsConfig.
[1009/174543.619:WARNING:dns_config_service_win.cc(668)] Failed to read DnsConfig.
[1009/174548.627:WARNING:dns_config_service_win.cc(668)] Failed to read DnsConfig.
[1009/204355.880:INFO:CONSOLE(1)] "Long rAF frame-time", source: file:///C:/Program%20Files/Adobe/Adobe%20Photoshop%202020/Required/www-rich-tooltips/build/external.js (1)
[1009/231152.304:WARNING:angle_platform_impl.cc(52)] compileToBinary(230): 
C:\fakepath(57,8-58): warning X3571: pow(f, e) will not work for negative f, use abs(f) or conditionally handle negative values if you expect them
C:\fakepath(65,9-43): warning X3571: pow(f, e) will not work for negative f, use abs(f) or conditionally handle negative values if you expect them

